============================================================
   Tang Dynasty, V5.6.71036
      Copyright (c) 2012-2023 Anlogic Inc.
   Executable = C:/Anlogic/TD5.6.2/bin/td.exe
   Built at =   20:34:38 Mar 21 2023
   Run by =     huagao
   Run Date =   Thu Oct 24 14:49:54 2024

   Run on =     DESKTOP-IGJ7T4Q
============================================================
RUN-1002 : start command "open_project pcie_scan.prj"
RUN-1001 : Print Global Property
RUN-1001 : ---------------------------------------------------------------
RUN-1001 :        Parameters        |  Settings  |  Default Values  |  Note  
RUN-1001 : ---------------------------------------------------------------
RUN-1001 :          message         |  standard  |     standard     |        
RUN-1001 :   mixed_pack_place_flow  |     on     |        on        |        
RUN-1001 :        qor_monitor       |    off     |       off        |        
RUN-1001 :        syn_ip_flow       |    off     |       off        |        
RUN-1001 :          thread          |    auto    |       auto       |        
RUN-1001 : ---------------------------------------------------------------
RUN-1001 : Print Design Property
RUN-1001 : --------------------------------------------------------------
RUN-1001 :        Parameters       |  Settings  |  Default Values  |  Note  
RUN-1001 : --------------------------------------------------------------
RUN-1001 :   default_reg_initial   |    auto    |       auto       |        
RUN-1001 :        infer_add        |     on     |        on        |        
RUN-1001 :        infer_fsm        |    off     |       off        |        
RUN-1001 :        infer_mult       |     on     |        on        |        
RUN-1001 :        infer_ram        |     on     |        on        |        
RUN-1001 :        infer_reg        |     on     |        on        |        
RUN-1001 :   infer_reg_init_value  |     on     |        on        |        
RUN-1001 :        infer_rom        |     on     |        on        |        
RUN-1001 :      infer_shifter      |     on     |        on        |        
RUN-1001 : --------------------------------------------------------------
RUN-1001 : Print Rtl Property
RUN-1001 : --------------------------------------------------------------
RUN-1001 :        Parameters       |  Settings  |  Default Values  |  Note  
RUN-1001 : --------------------------------------------------------------
RUN-1001 :       compress_add      |   ripple   |      ripple      |        
RUN-1001 :        elf_sload        |    off     |       off        |        
RUN-1001 :       fix_undriven      |     0      |        0         |        
RUN-1001 :         flatten         |    off     |       off        |        
RUN-1001 :       gate_sharing      |     on     |        on        |        
RUN-1001 :    hdl_warning_level    |   normal   |      normal      |        
RUN-1001 :   impl_internal_tribuf  |     on     |        on        |        
RUN-1001 :      impl_set_reset     |     on     |        on        |        
RUN-1001 :        infer_gsr        |    off     |       off        |        
RUN-1001 :      keep_hierarchy     |    auto    |       auto       |        
RUN-1001 :        max_fanout       |    9999    |       9999       |        
RUN-1001 :      max_oh2bin_len     |     10     |        10        |        
RUN-1001 :       merge_equal       |     on     |        on        |        
RUN-1001 :       merge_equiv       |     on     |        on        |        
RUN-1001 :        merge_mux        |    off     |       off        |        
RUN-1001 :     min_control_set     |     8      |        8         |        
RUN-1001 :      min_ripple_len     |    auto    |       auto       |        
RUN-1001 :       oh2bin_ratio      |    0.08    |       0.08       |        
RUN-1001 :     opt_adder_fanout    |     on     |        on        |        
RUN-1001 :        opt_arith        |     on     |        on        |        
RUN-1001 :       opt_big_gate      |    off     |       off        |        
RUN-1001 :        opt_const        |     on     |        on        |        
RUN-1001 :      opt_const_mult     |     on     |        on        |        
RUN-1001 :       opt_lessthan      |     on     |        on        |        
RUN-1001 :         opt_mux         |    off     |       off        |        
RUN-1001 :         opt_ram         |    high    |       high       |        
RUN-1001 :      rtl_sim_model      |    off     |       off        |        
RUN-1001 :         seq_syn         |     on     |        on        |        
RUN-1001 : --------------------------------------------------------------
HDL-1007 : analyze verilog file ../../../../src/sgdma_ip/src/sys_ctrl.v
HDL-1007 : analyze included file ../../../../src/scan/../../src/sgdma_ip/def/para_def.vh in ../../../../src/sgdma_ip/src/sys_ctrl.v(1)
HDL-1007 : back to file '../../../../src/sgdma_ip/src/sys_ctrl.v' in ../../../../src/sgdma_ip/src/sys_ctrl.v(1)
HDL-1007 : analyze verilog file ../../../../swith/reg_config.v
HDL-1007 : analyze verilog file ../../../../swith/swith.v
HDL-1007 : analyze verilog file ../../../../src/scan/ADConfig.v
HDL-1007 : analyze verilog file ../../../../src/scan/CISOUT.v
HDL-1007 : analyze verilog file ../../../../src/scan/DRAM_reverse.v
HDL-1007 : undeclared symbol 'tlast_dpi', assumed default net type 'wire' in ../../../../src/scan/DRAM_reverse.v(274)
HDL-1007 : analyze VHDL file ../../../../src/scan/SYNC_ASYNC_RST.vhd
HDL-1007 : analyze entity sync_async_rst in ../../../../src/scan/SYNC_ASYNC_RST.vhd(32)
HDL-1007 : analyze architecture behavior in ../../../../src/scan/SYNC_ASYNC_RST.vhd(38)
HDL-1007 : analyze verilog file ../../../../src/scan/WRADDATA.v
HDL-1007 : analyze verilog file ../../../../src/scan/al_ip/DPRAM.v
HDL-1007 : analyze verilog file ../../../../src/scan/al_ip/fifo_generator_0.v
HDL-1007 : analyze verilog file ../../../../src/scan/al_ip/pll.v
HDL-1007 : undeclared symbol 'open', assumed default net type 'wire' in ../../../../src/scan/al_ip/pll.v(124)
HDL-1007 : analyze verilog file ../../../../src/scan/al_ip/pll2.v
HDL-1007 : undeclared symbol 'open', assumed default net type 'wire' in ../../../../src/scan/al_ip/pll2.v(94)
HDL-1007 : analyze verilog file ../../../../src/scan/al_ip/pll3.v
HDL-1007 : undeclared symbol 'open', assumed default net type 'wire' in ../../../../src/scan/al_ip/pll3.v(94)
HDL-1007 : analyze verilog file ../../../../src/scan/cis_exposure.v
HDL-1007 : analyze verilog file ../../../../src/scan/down_clocking_even.v
HDL-1007 : undeclared symbol 'iborrow', assumed default net type 'wire' in ../../../../src/scan/down_clocking_even.v(18)
HDL-1007 : analyze verilog file ../../../../src/scan/down_clocking_odd.v
HDL-1007 : analyze verilog file ../../../../src/scan/gen_sp.v
HDL-1007 : analyze verilog file ../../../../src/scan/glitch_filter.v
HDL-1007 : analyze verilog file ../../../../src/scan/localbus/CRC4_D16.v
HDL-1007 : analyze verilog file ../../../../src/scan/localbus/local_bus_slve_cis.v
HDL-1007 : analyze verilog file ../../../../src/scan/localbus/uart_2dsp_36mhz.v
HDL-1007 : analyze verilog file ../../../../src/scan/localbus/ubus_top.v
HDL-1007 : undeclared symbol 'uart_crc_error_n', assumed default net type 'wire' in ../../../../src/scan/localbus/ubus_top.v(58)
HDL-1007 : undeclared symbol 'ubus_identify', assumed default net type 'wire' in ../../../../src/scan/localbus/ubus_top.v(59)
HDL-1007 : analyze verilog file ../../../../src/scan/lvds_tx.v
HDL-1007 : analyze verilog file ../../../../src/scan/minus_one.v
HDL-1007 : analyze verilog file ../../../../src/scan/op.v
HDL-1007 : analyze verilog file ../../../../src/scan/pwm.v
HDL-1007 : analyze verilog file ../../../../src/scan/python.v
HDL-1007 : undeclared symbol 'clk_ADC_config', assumed default net type 'wire' in ../../../../src/scan/python.v(565)
HDL-1007 : undeclared symbol 'debug', assumed default net type 'wire' in ../../../../src/scan/python.v(568)
HDL-1007 : undeclared symbol 'reset_n', assumed default net type 'wire' in ../../../../src/scan/python.v(582)
HDL-1007 : undeclared symbol 'sys_rst_done', assumed default net type 'wire' in ../../../../src/scan/python.v(595)
HDL-1007 : undeclared symbol 'Extri', assumed default net type 'wire' in ../../../../src/scan/python.v(613)
HDL-1007 : undeclared symbol 'trigerInner1', assumed default net type 'wire' in ../../../../src/scan/python.v(659)
HDL-1007 : undeclared symbol 'trigerInner2', assumed default net type 'wire' in ../../../../src/scan/python.v(660)
HDL-1007 : undeclared symbol 'led_start', assumed default net type 'wire' in ../../../../src/scan/python.v(755)
HDL-1007 : undeclared symbol 'led_stop', assumed default net type 'wire' in ../../../../src/scan/python.v(756)
HDL-1007 : undeclared symbol 'ledr1', assumed default net type 'wire' in ../../../../src/scan/python.v(892)
HDL-1007 : undeclared symbol 'ledg1', assumed default net type 'wire' in ../../../../src/scan/python.v(893)
HDL-1007 : undeclared symbol 'ledb1', assumed default net type 'wire' in ../../../../src/scan/python.v(894)
HDL-1007 : undeclared symbol 'ledr2', assumed default net type 'wire' in ../../../../src/scan/python.v(911)
HDL-1007 : undeclared symbol 'ledg2', assumed default net type 'wire' in ../../../../src/scan/python.v(912)
HDL-1007 : undeclared symbol 'ledb2', assumed default net type 'wire' in ../../../../src/scan/python.v(913)
HDL-1007 : undeclared symbol 'ad_sck1', assumed default net type 'wire' in ../../../../src/scan/python.v(991)
HDL-1007 : undeclared symbol 'ad_sen1', assumed default net type 'wire' in ../../../../src/scan/python.v(992)
HDL-1007 : undeclared symbol 'ad_sck2', assumed default net type 'wire' in ../../../../src/scan/python.v(1012)
HDL-1007 : undeclared symbol 'ad_sen2', assumed default net type 'wire' in ../../../../src/scan/python.v(1013)
HDL-1007 : undeclared symbol 'rden3', assumed default net type 'wire' in ../../../../src/scan/python.v(1193)
HDL-1007 : undeclared symbol 'rden3b', assumed default net type 'wire' in ../../../../src/scan/python.v(1194)
HDL-1007 : undeclared symbol 'rden4', assumed default net type 'wire' in ../../../../src/scan/python.v(1195)
HDL-1007 : undeclared symbol 'rden4b', assumed default net type 'wire' in ../../../../src/scan/python.v(1196)
HDL-1007 : undeclared symbol 'pos_rden1', assumed default net type 'wire' in ../../../../src/scan/python.v(1467)
HDL-1007 : undeclared symbol 'pos_rden1b', assumed default net type 'wire' in ../../../../src/scan/python.v(1468)
HDL-1007 : analyze verilog file ../../../../src/scan/signal.v
HDL-1007 : analyze verilog file ../../../../src/scan/trigger.v
HDL-1007 : analyze verilog file ../../../../src/scan/xiaodou.v
HDL-1007 : analyze verilog file ../../../../src/sgdma_app/ip/ram512x32.v
HDL-1007 : analyze verilog file ../../../../src/sgdma_app/src/app_tst_ctrl.v
HDL-1007 : analyze included file ../../../../src/sgdma_app/src/../../sgdma_ip/def/para_def.vh in ../../../../src/sgdma_app/src/app_tst_ctrl.v(1)
HDL-1007 : back to file '../../../../src/sgdma_app/src/app_tst_ctrl.v' in ../../../../src/sgdma_app/src/app_tst_ctrl.v(1)
HDL-1007 : analyze verilog file ../../../../src/sgdma_app/src/cfg_regrw.v
HDL-1007 : analyze included file ../../../../src/sgdma_app/src/../../sgdma_ip/def/para_def.vh in ../../../../src/sgdma_app/src/cfg_regrw.v(2)
HDL-1007 : back to file '../../../../src/sgdma_app/src/cfg_regrw.v' in ../../../../src/sgdma_app/src/cfg_regrw.v(2)
HDL-1007 : undeclared symbol 'cfg_regrw_run_falling', assumed default net type 'wire' in ../../../../src/sgdma_app/src/cfg_regrw.v(39)
HDL-1007 : analyze verilog file ../../../../src/sgdma_app/src/dma_regrw.v
HDL-1007 : analyze included file ../../../../src/sgdma_app/src/../../sgdma_ip/def/para_def.vh in ../../../../src/sgdma_app/src/dma_regrw.v(2)
HDL-1007 : back to file '../../../../src/sgdma_app/src/dma_regrw.v' in ../../../../src/sgdma_app/src/dma_regrw.v(2)
HDL-1007 : analyze verilog file ../../../../src/sgdma_app/src/sgdma_app.v
HDL-1007 : analyze included file ../../../../src/scan/../../src/sgdma_ip/def/para_def.vh in ../../../../src/sgdma_app/src/sgdma_app.v(2)
HDL-1007 : back to file '../../../../src/sgdma_app/src/sgdma_app.v' in ../../../../src/sgdma_app/src/sgdma_app.v(2)
HDL-1007 : analyze included file ../../../../src/sgdma_app/src/../../../tb/def/tlp_fmt_type.vh in ../../../../src/sgdma_app/src/sgdma_app.v(3)
HDL-1007 : back to file '../../../../src/sgdma_app/src/sgdma_app.v' in ../../../../src/sgdma_app/src/sgdma_app.v(3)
HDL-1007 : analyze included file ../../../../src/sgdma_app/src/../../../tb/def/dt_para.vh in ../../../../src/sgdma_app/src/sgdma_app.v(4)
HDL-1007 : back to file '../../../../src/sgdma_app/src/sgdma_app.v' in ../../../../src/sgdma_app/src/sgdma_app.v(4)
HDL-1007 : undeclared symbol 'usr_c2h0err', assumed default net type 'wire' in ../../../../src/sgdma_app/src/sgdma_app.v(319)
HDL-1007 : analyze verilog file ../../../../src/sgdma_app/src/usr_c2h0r.v
HDL-1007 : analyze verilog file ../../../../src/sgdma_app/src/usr_h2c0w.v
HDL-1007 : analyze included file ../../../../src/sgdma_app/src/../../sgdma_ip/def/para_def.vh in ../../../../src/sgdma_app/src/usr_h2c0w.v(1)
HDL-1007 : back to file '../../../../src/sgdma_app/src/usr_h2c0w.v' in ../../../../src/sgdma_app/src/usr_h2c0w.v(1)
HDL-1007 : analyze included file ../../../../src/sgdma_app/src/../../../tb/def/tlp_fmt_type.vh in ../../../../src/sgdma_app/src/usr_h2c0w.v(2)
HDL-1007 : back to file '../../../../src/sgdma_app/src/usr_h2c0w.v' in ../../../../src/sgdma_app/src/usr_h2c0w.v(2)
HDL-1007 : analyze included file ../../../../src/sgdma_app/src/../../../tb/def/dt_para.vh in ../../../../src/sgdma_app/src/usr_h2c0w.v(3)
HDL-1007 : back to file '../../../../src/sgdma_app/src/usr_h2c0w.v' in ../../../../src/sgdma_app/src/usr_h2c0w.v(3)
HDL-1007 : undeclared symbol 'h2c_fm_odt', assumed default net type 'wire' in ../../../../src/sgdma_app/src/usr_h2c0w.v(104)
HDL-1007 : analyze verilog file ../../../../src/sgdma_app/src/usr_lp0rw.v
HDL-1007 : analyze included file ../../../../src/sgdma_app/src/../../sgdma_ip/def/para_def.vh in ../../../../src/sgdma_app/src/usr_lp0rw.v(1)
HDL-1007 : back to file '../../../../src/sgdma_app/src/usr_lp0rw.v' in ../../../../src/sgdma_app/src/usr_lp0rw.v(1)
HDL-1007 : analyze verilog file ../../../../src/sgdma_app/src/usr_regrw.v
HDL-1007 : analyze included file ../../../../src/sgdma_app/src/../../sgdma_ip/def/para_def.vh in ../../../../src/sgdma_app/src/usr_regrw.v(2)
HDL-1007 : back to file '../../../../src/sgdma_app/src/usr_regrw.v' in ../../../../src/sgdma_app/src/usr_regrw.v(2)
HDL-1007 : analyze verilog file ../../../../src/sgdma_ip/def/pcie_brup_def.vh
HDL-1007 : analyze verilog file ../../../../src/sgdma_ip/ip/dram32x13.v
HDL-1007 : analyze verilog file ../../../../src/sgdma_ip/ip/pcie_cfg_rom.v
HDL-1007 : analyze verilog file ../../../../src/sgdma_ip/ip/pcie_ep_core.v
HDL-1007 : analyze verilog file ../../../../src/sgdma_ip/ip/ram512x128.v
HDL-1007 : analyze verilog file ../../../../src/sgdma_ip/ip/ram512x27.v
HDL-1007 : analyze verilog file ../../../../src/sgdma_ip/ip/safifo512x128.v
HDL-1007 : analyze verilog file ../../../../src/sgdma_ip/ip/sfifo512x128.v
HDL-1007 : analyze verilog file ../../../../src/sgdma_ip/ip/sfifo512x16.v
HDL-1007 : analyze verilog file ../../../../src/sgdma_ip/ip/sfifo512x64.v
HDL-1007 : analyze verilog file ../../../../src/sgdma_ip/ip/sys_pll.v
HDL-1007 : undeclared symbol 'open', assumed default net type 'wire' in ../../../../src/sgdma_ip/ip/sys_pll.v(75)
HDL-1007 : analyze verilog file ../../../../src/sgdma_ip/src/ep_dbi_init_mux.v
HDL-1007 : analyze verilog file ../../../../src/sgdma_ip/src/sgdma_ip_all.enc.v
HDL-1007 : analyze included file ../../../../src/scan/../../src/sgdma_ip/def/para_def.vh in ../../../../src/sgdma_ip/src/sgdma_ip_all.enc.v(10)
HDL-1007 : back to file '../../../../src/sgdma_ip/src/sgdma_ip_all.enc.v' in ../../../../src/sgdma_ip/src/sgdma_ip_all.enc.v(10)
Copyright (c) 1998-2019 The OpenSSL Project.  All rights reserved.
This product includes software developed by the OpenSSL Project
for use in the OpenSSL Toolkit (http://www.openssl.org/)
Copyright (C) 1995-1998 Eric Young (eay@cryptsoft.com)
All rights reserved.
This product includes cryptographic software written by Eric Young (eay@cryptsoft.com)
HDL-1007 : undeclared symbol '**', assumed default net type '**' in encrypted_text(0)
HDL-1007 : undeclared symbol '**', assumed default net type '**' in encrypted_text(0)
HDL-1007 : undeclared symbol '**', assumed default net type '**' in encrypted_text(0)
HDL-1007 : undeclared symbol '**', assumed default net type '**' in encrypted_text(0)
HDL-1007 : undeclared symbol '**', assumed default net type '**' in encrypted_text(0)
HDL-1007 : undeclared symbol '**', assumed default net type '**' in encrypted_text(0)
HDL-1007 : undeclared symbol '**', assumed default net type '**' in encrypted_text(0)
HDL-1007 : undeclared symbol '**', assumed default net type '**' in encrypted_text(0)
HDL-1007 : undeclared symbol '**', assumed default net type '**' in encrypted_text(0)
HDL-1007 : analyze included file ../../../../src/scan/../../src/sgdma_ip/def/para_def.vh in encrypted_text(1433)
HDL-1007 : back to file 'encrypted_text' in encrypted_text(1433)
HDL-1007 : undeclared symbol '**', assumed default net type '**' in encrypted_text(0)
HDL-1007 : undeclared symbol '**', assumed default net type '**' in encrypted_text(0)
HDL-1007 : undeclared symbol '**', assumed default net type '**' in encrypted_text(0)
HDL-1007 : undeclared symbol '**', assumed default net type '**' in encrypted_text(0)
HDL-1007 : analyze included file ../../../../src/scan/../../src/sgdma_ip/def/para_def.vh in encrypted_text(1850)
HDL-1007 : back to file 'encrypted_text' in encrypted_text(1850)
HDL-1007 : analyze included file ../../../../src/scan/../../src/sgdma_ip/def/para_def.vh in encrypted_text(2129)
HDL-1007 : back to file 'encrypted_text' in encrypted_text(2129)
HDL-1007 : analyze included file ../../../../src/scan/../../src/sgdma_ip/def/para_def.vh in encrypted_text(2404)
HDL-1007 : back to file 'encrypted_text' in encrypted_text(2404)
HDL-1007 : analyze included file ../../../../src/scan/../../src/sgdma_ip/def/para_def.vh in encrypted_text(2505)
HDL-1007 : back to file 'encrypted_text' in encrypted_text(2505)
HDL-1007 : undeclared symbol '**', assumed default net type '**' in encrypted_text(0)
HDL-1007 : analyze included file ../../../../src/scan/../../src/sgdma_ip/def/para_def.vh in encrypted_text(2715)
HDL-1007 : back to file 'encrypted_text' in encrypted_text(2715)
HDL-1007 : undeclared symbol '**', assumed default net type '**' in encrypted_text(0)
HDL-1007 : analyze included file ../../../../src/scan/../../src/sgdma_ip/def/para_def.vh in encrypted_text(2873)
HDL-1007 : back to file 'encrypted_text' in encrypted_text(2873)
HDL-1007 : analyze included file ../../../../src/scan/../../src/sgdma_ip/def/para_def.vh in encrypted_text(3321)
HDL-1007 : back to file 'encrypted_text' in encrypted_text(3321)
HDL-1007 : analyze included file ../../../../src/scan/../../src/sgdma_ip/def/para_def.vh in encrypted_text(3614)
HDL-1007 : back to file 'encrypted_text' in encrypted_text(3614)
HDL-1007 : undeclared symbol '**', assumed default net type '**' in encrypted_text(0)
HDL-1007 : analyze included file ../../../../src/scan/../../src/sgdma_ip/def/para_def.vh in encrypted_text(4044)
HDL-1007 : back to file 'encrypted_text' in encrypted_text(4044)
HDL-1007 : analyze included file ../../../../src/scan/../../src/sgdma_ip/def/para_def.vh in encrypted_text(4222)
HDL-1007 : back to file 'encrypted_text' in encrypted_text(4222)
HDL-1007 : analyze included file ../../../../src/sgdma_ip/src/../def/para_def.vh in encrypted_text(4601)
HDL-1007 : back to file 'encrypted_text' in encrypted_text(4601)
HDL-1007 : undeclared symbol '**', assumed default net type '**' in encrypted_text(0)
HDL-1007 : undeclared symbol '**', assumed default net type '**' in encrypted_text(0)
HDL-1007 : undeclared symbol '**', assumed default net type '**' in encrypted_text(0)
HDL-1007 : undeclared symbol '**', assumed default net type '**' in encrypted_text(0)
HDL-1007 : analyze included file ../../../../src/scan/../../src/sgdma_ip/def/para_def.vh in encrypted_text(5277)
HDL-1007 : back to file 'encrypted_text' in encrypted_text(5277)
HDL-1007 : analyze included file ../../../../src/scan/../../src/sgdma_ip/def/para_def.vh in encrypted_text(5650)
HDL-1007 : back to file 'encrypted_text' in encrypted_text(5650)
HDL-1007 : undeclared symbol '**', assumed default net type '**' in encrypted_text(0)
HDL-1007 : undeclared symbol '**', assumed default net type '**' in encrypted_text(0)
HDL-1007 : analyze included file ../../../../src/scan/../../src/sgdma_ip/def/para_def.vh in encrypted_text(5937)
HDL-1007 : back to file 'encrypted_text' in encrypted_text(5937)
HDL-1007 : undeclared symbol '**', assumed default net type '**' in encrypted_text(0)
HDL-1007 : analyze included file ../../../../src/sgdma_ip/src/../../sgdma_ip/def/para_def.vh in encrypted_text(6393)
HDL-1007 : back to file 'encrypted_text' in encrypted_text(6393)
HDL-1007 : undeclared symbol '**', assumed default net type '**' in encrypted_text(0)
HDL-1007 : undeclared symbol '**', assumed default net type '**' in encrypted_text(0)
HDL-1007 : analyze included file ../../../../src/scan/../../src/sgdma_ip/def/para_def.vh in encrypted_text(7055)
HDL-1007 : back to file 'encrypted_text' in encrypted_text(7055)
HDL-1007 : analyze included file ../../../../src/scan/../../src/sgdma_ip/def/para_def.vh in encrypted_text(7150)
HDL-1007 : back to file 'encrypted_text' in encrypted_text(7150)
HDL-1007 : analyze included file ../../../../src/scan/../../src/sgdma_ip/def/para_def.vh in encrypted_text(7394)
HDL-1007 : back to file 'encrypted_text' in encrypted_text(7394)
HDL-1007 : undeclared symbol '**', assumed default net type '**' in encrypted_text(0)
HDL-1007 : undeclared symbol '**', assumed default net type '**' in encrypted_text(0)
HDL-1007 : undeclared symbol '**', assumed default net type '**' in encrypted_text(0)
HDL-1007 : undeclared symbol '**', assumed default net type '**' in encrypted_text(0)
HDL-1007 : undeclared symbol '**', assumed default net type '**' in encrypted_text(0)
HDL-1007 : undeclared symbol '**', assumed default net type '**' in encrypted_text(0)
HDL-1007 : undeclared symbol '**', assumed default net type '**' in encrypted_text(0)
HDL-1007 : undeclared symbol '**', assumed default net type '**' in encrypted_text(0)
HDL-1007 : undeclared symbol '**', assumed default net type '**' in encrypted_text(0)
HDL-5007 WARNING: overwrite current ** '**' in encrypted_text(0)
HDL-1007 : previous definition of design element '**' is here in encrypted_text(0)
HDL-1007 : analyze included file ../../../../src/scan/../../src/sgdma_ip/def/para_def.vh in encrypted_text(9059)
HDL-1007 : back to file 'encrypted_text' in encrypted_text(9059)
HDL-1007 : undeclared symbol '**', assumed default net type '**' in encrypted_text(0)
HDL-1007 : analyze included file ../../../../src/sgdma_ip/src/../../sgdma_ip/def/para_def.vh in encrypted_text(9446)
HDL-1007 : back to file 'encrypted_text' in encrypted_text(9446)
HDL-1007 : undeclared symbol '**', assumed default net type '**' in encrypted_text(0)
HDL-1007 : undeclared symbol '**', assumed default net type '**' in encrypted_text(0)
HDL-1007 : undeclared symbol '**', assumed default net type '**' in encrypted_text(0)
HDL-1007 : undeclared symbol '**', assumed default net type '**' in encrypted_text(0)
HDL-1007 : analyze included file ../../../../src/scan/../../src/sgdma_ip/def/para_def.vh in encrypted_text(10498)
HDL-1007 : back to file 'encrypted_text' in encrypted_text(10498)
HDL-1007 : undeclared symbol '**', assumed default net type '**' in encrypted_text(0)
HDL-1007 : back to file '../../../../src/sgdma_ip/src/sgdma_ip_all.enc.v' in ../../../../src/sgdma_ip/src/sgdma_ip_all.enc.v(7651)
HDL-1007 : analyze verilog file ../../../../src/sgdma_ip/src/sgdma_subsys.v
HDL-1007 : analyze included file ../../../../src/scan/../../src/sgdma_ip/def/para_def.vh in ../../../../src/sgdma_ip/src/sgdma_subsys.v(2)
HDL-1007 : back to file '../../../../src/sgdma_ip/src/sgdma_subsys.v' in ../../../../src/sgdma_ip/src/sgdma_subsys.v(2)
HDL-1007 : undeclared symbol 'core_rst_n', assumed default net type 'wire' in ../../../../src/sgdma_ip/src/sgdma_subsys.v(422)
HDL-1007 : undeclared symbol 'ven_msi_grant', assumed default net type 'wire' in ../../../../src/sgdma_ip/src/sgdma_subsys.v(538)
HDL-1007 : undeclared symbol 'drp_app_dbi_ro_wr_disable', assumed default net type 'wire' in ../../../../src/sgdma_ip/src/sgdma_subsys.v(659)
HDL-1007 : undeclared symbol 'ext_drp_app_dbi_ro_wr_disable', assumed default net type 'wire' in ../../../../src/sgdma_ip/src/sgdma_subsys.v(1092)
HDL-1007 : analyze verilog file ../../../../src/sgdma_ip/src/status_sig.v
HDL-1007 : analyze included file ../../../../src/scan/../../src/sgdma_ip/def/para_def.vh in ../../../../src/sgdma_ip/src/status_sig.v(1)
HDL-1007 : back to file '../../../../src/sgdma_ip/src/status_sig.v' in ../../../../src/sgdma_ip/src/status_sig.v(1)
HDL-1007 : analyze verilog file ../../../../src/top/pcie_scan.v
HDL-1007 : analyze included file ../../../../src/top/../../src/sgdma_ip/def/para_def.vh in ../../../../src/top/pcie_scan.v(1)
HDL-1007 : back to file '../../../../src/top/pcie_scan.v' in ../../../../src/top/pcie_scan.v(1)
HDL-1007 : analyze included file ../../../../src/top/../../tb/def/tlp_fmt_type.vh in ../../../../src/top/pcie_scan.v(2)
HDL-1007 : back to file '../../../../src/top/pcie_scan.v' in ../../../../src/top/pcie_scan.v(2)
HDL-1007 : analyze included file ../../../../src/top/../../tb/def/dt_para.vh in ../../../../src/top/pcie_scan.v(3)
HDL-1007 : back to file '../../../../src/top/pcie_scan.v' in ../../../../src/top/pcie_scan.v(3)
RUN-1001 : Project manager successfully analyzed 56 source files.
RUN-1002 : start command "import_device ph1_400.db -package PH1A400SFG900 -speed 2"
ARC-1001 : Device Initialization.
ARC-1001 : ----------------------------------------------------------------
ARC-1001 :           OPTION          |          IO           |   SETTING   
ARC-1001 : ----------------------------------------------------------------
ARC-1001 :   non_jtag_persist(none)  |        36 IOs         |    gpio    
ARC-1001 :            jtag           |  L10/E10/F10/H10/G10  |  dedicate  
ARC-1001 : ----------------------------------------------------------------
RUN-1003 : finish command "import_device ph1_400.db -package PH1A400SFG900 -speed 2" in  20.945844s wall, 20.593750s user + 0.343750s system = 20.937500s CPU (100.0%)

RUN-1004 : used memory is 1090 MB, reserved memory is 1101 MB, peak memory is 1090 MB
RUN-1002 : start command "elaborate -top sgdma_subsys_exam"
RUN-1001 : Print Design Property
RUN-1001 : --------------------------------------------------------------
RUN-1001 :        Parameters       |  Settings  |  Default Values  |  Note  
RUN-1001 : --------------------------------------------------------------
RUN-1001 :   default_reg_initial   |    auto    |       auto       |        
RUN-1001 :        infer_add        |     on     |        on        |        
RUN-1001 :        infer_fsm        |    off     |       off        |        
RUN-1001 :        infer_mult       |     on     |        on        |        
RUN-1001 :        infer_ram        |     on     |        on        |        
RUN-1001 :        infer_reg        |     on     |        on        |        
RUN-1001 :   infer_reg_init_value  |     on     |        on        |        
RUN-1001 :        infer_rom        |     on     |        on        |        
RUN-1001 :      infer_shifter      |     on     |        on        |        
RUN-1001 : --------------------------------------------------------------
RUN-1001 : Print Rtl Property
RUN-1001 : --------------------------------------------------------------
RUN-1001 :        Parameters       |  Settings  |  Default Values  |  Note  
RUN-1001 : --------------------------------------------------------------
RUN-1001 :       compress_add      |   ripple   |      ripple      |        
RUN-1001 :        elf_sload        |    off     |       off        |        
RUN-1001 :       fix_undriven      |     0      |        0         |        
RUN-1001 :         flatten         |    off     |       off        |        
RUN-1001 :       gate_sharing      |     on     |        on        |        
RUN-1001 :    hdl_warning_level    |   normal   |      normal      |        
RUN-1001 :   impl_internal_tribuf  |     on     |        on        |        
RUN-1001 :      impl_set_reset     |     on     |        on        |        
RUN-1001 :        infer_gsr        |    off     |       off        |        
RUN-1001 :      keep_hierarchy     |    auto    |       auto       |        
RUN-1001 :        max_fanout       |    9999    |       9999       |        
RUN-1001 :      max_oh2bin_len     |     10     |        10        |        
RUN-1001 :       merge_equal       |     on     |        on        |        
RUN-1001 :       merge_equiv       |     on     |        on        |        
RUN-1001 :        merge_mux        |    off     |       off        |        
RUN-1001 :     min_control_set     |     8      |        8         |        
RUN-1001 :      min_ripple_len     |    auto    |       auto       |        
RUN-1001 :       oh2bin_ratio      |    0.08    |       0.08       |        
RUN-1001 :     opt_adder_fanout    |     on     |        on        |        
RUN-1001 :        opt_arith        |     on     |        on        |        
RUN-1001 :       opt_big_gate      |    off     |       off        |        
RUN-1001 :        opt_const        |     on     |        on        |        
RUN-1001 :      opt_const_mult     |     on     |        on        |        
RUN-1001 :       opt_lessthan      |     on     |        on        |        
RUN-1001 :         opt_mux         |    off     |       off        |        
RUN-1001 :         opt_ram         |    high    |       high       |        
RUN-1001 :      rtl_sim_model      |    off     |       off        |        
RUN-1001 :         seq_syn         |     on     |        on        |        
RUN-1001 : --------------------------------------------------------------
RUN-1001 : Print Global Property
RUN-1001 : ---------------------------------------------------------------
RUN-1001 :        Parameters        |  Settings  |  Default Values  |  Note  
RUN-1001 : ---------------------------------------------------------------
RUN-1001 :          message         |  standard  |     standard     |        
RUN-1001 :   mixed_pack_place_flow  |     on     |        on        |        
RUN-1001 :        qor_monitor       |    off     |       off        |        
RUN-1001 :        syn_ip_flow       |    off     |       off        |        
RUN-1001 :          thread          |    auto    |       auto       |        
RUN-1001 : ---------------------------------------------------------------
RUN-1001 : Print Design Property
RUN-1001 : --------------------------------------------------------------
RUN-1001 :        Parameters       |  Settings  |  Default Values  |  Note  
RUN-1001 : --------------------------------------------------------------
RUN-1001 :   default_reg_initial   |    auto    |       auto       |        
RUN-1001 :        infer_add        |     on     |        on        |        
RUN-1001 :        infer_fsm        |    off     |       off        |        
RUN-1001 :        infer_mult       |     on     |        on        |        
RUN-1001 :        infer_ram        |     on     |        on        |        
RUN-1001 :        infer_reg        |     on     |        on        |        
RUN-1001 :   infer_reg_init_value  |     on     |        on        |        
RUN-1001 :        infer_rom        |     on     |        on        |        
RUN-1001 :      infer_shifter      |     on     |        on        |        
RUN-1001 : --------------------------------------------------------------
HDL-8001 ERROR: Incorrect top-level module name "sgdma_subsys_exam", please reset
RUN-1002 : start command "backup_run_log run.log ../.logs/syn_1/td_20241024_144954.log"
